Command line invocation:
    /Applications/Xcode.app/Contents/Developer/usr/bin/xcodebuild -project NMAPScanner.xcodeproj -scheme NMAPScanner -destination "platform=tvOS Simulator,name=Apple TV" build

2025-11-24 09:11:17.376 xcodebuild[16736:34841114] warning:  The file reference for "HomeKitAdopter/Security/SecureStorageManager.swift" is a member of multiple groups ("HomeKitAdopter" and ""); this indicates a malformed project.  Only the membership in one of the groups will be preserved (but membership in targets will be unaffected).  If you want a reference to the same file in more than one group, please add another reference to the same path.
2025-11-24 09:11:17.405 xcodebuild[16736:34841114] [MT] IDERunDestination: Supported platforms for the buildables in the current scheme is empty.
2025-11-24 09:11:17.537 xcodebuild[16736:34841114] [MT] IDERunDestination: Supported platforms for the buildables in the current scheme is empty.
2025-11-24 09:11:17.642 xcodebuild[16736:34841114] [MT] IDERunDestination: Supported platforms for the buildables in the current scheme is empty.
ComputePackagePrebuildTargetDependencyGraph

Prepare packages

CreateBuildRequest

SendProjectDescription

CreateBuildOperation

ComputeTargetDependencyGraph
note: Building targets in dependency order
note: Target dependency graph (1 target)
    Target 'NMAPScanner' in project 'NMAPScanner' (no dependencies)

GatherProvisioningInputs

CreateBuildDescription

ClangStatCache /Applications/Xcode.app/Contents/Developer/Toolchains/XcodeDefault.xctoolchain/usr/bin/clang-stat-cache /Applications/Xcode.app/Contents/Developer/Platforms/AppleTVSimulator.platform/Developer/SDKs/AppleTVSimulator26.1.sdk /Users/kochj/Library/Developer/Xcode/DerivedData/SDKStatCaches.noindex/appletvsimulator26.1-23J576-e98bea4a630767aaf7e0488225fccbf6.sdkstatcache
    cd /Volumes/Data/xcode/NMAPScanner/NMAPScanner.xcodeproj
    /Applications/Xcode.app/Contents/Developer/Toolchains/XcodeDefault.xctoolchain/usr/bin/clang-stat-cache /Applications/Xcode.app/Contents/Developer/Platforms/AppleTVSimulator.platform/Developer/SDKs/AppleTVSimulator26.1.sdk -o /Users/kochj/Library/Developer/Xcode/DerivedData/SDKStatCaches.noindex/appletvsimulator26.1-23J576-e98bea4a630767aaf7e0488225fccbf6.sdkstatcache

SwiftDriver NMAPScanner normal arm64 com.apple.xcode.tools.swift.compiler (in target 'NMAPScanner' from project 'NMAPScanner')
    cd /Volumes/Data/xcode/NMAPScanner
    builtin-SwiftDriver -- /Applications/Xcode.app/Contents/Developer/Toolchains/XcodeDefault.xctoolchain/usr/bin/swiftc -module-name NMAPScanner -Onone -enforce-exclusivity\=checked @/Users/kochj/Library/Developer/Xcode/DerivedData/NMAPScanner-ffegycchbmjksyfozugmrrwzdhts/Build/Intermediates.noindex/NMAPScanner.build/Debug-appletvsimulator/NMAPScanner.build/Objects-normal/arm64/NMAPScanner.SwiftFileList -DDEBUG -enable-bare-slash-regex -enable-experimental-feature DebugDescriptionMacro -sdk /Applications/Xcode.app/Contents/Developer/Platforms/AppleTVSimulator.platform/Developer/SDKs/AppleTVSimulator26.1.sdk -target arm64-apple-tvos16.0-simulator -g -module-cache-path /Users/kochj/Library/Developer/Xcode/DerivedData/ModuleCache.noindex -Xfrontend -serialize-debugging-options -enable-testing -index-store-path /Users/kochj/Library/Developer/Xcode/DerivedData/NMAPScanner-ffegycchbmjksyfozugmrrwzdhts/Index.noindex/DataStore -Xcc -D_LIBCPP_HARDENING_MODE\=_LIBCPP_HARDENING_MODE_DEBUG -swift-version 5 -I /Users/kochj/Library/Developer/Xcode/DerivedData/NMAPScanner-ffegycchbmjksyfozugmrrwzdhts/Build/Products/Debug-appletvsimulator -F /Users/kochj/Library/Developer/Xcode/DerivedData/NMAPScanner-ffegycchbmjksyfozugmrrwzdhts/Build/Products/Debug-appletvsimulator -emit-localized-strings -emit-localized-strings-path /Users/kochj/Library/Developer/Xcode/DerivedData/NMAPScanner-ffegycchbmjksyfozugmrrwzdhts/Build/Intermediates.noindex/NMAPScanner.build/Debug-appletvsimulator/NMAPScanner.build/Objects-normal/arm64 -c -j32 -enable-batch-mode -incremental -Xcc -ivfsstatcache -Xcc /Users/kochj/Library/Developer/Xcode/DerivedData/SDKStatCaches.noindex/appletvsimulator26.1-23J576-e98bea4a630767aaf7e0488225fccbf6.sdkstatcache -output-file-map /Users/kochj/Library/Developer/Xcode/DerivedData/NMAPScanner-ffegycchbmjksyfozugmrrwzdhts/Build/Intermediates.noindex/NMAPScanner.build/Debug-appletvsimulator/NMAPScanner.build/Objects-normal/arm64/NMAPScanner-OutputFileMap.json -use-frontend-parseable-output -save-temps -no-color-diagnostics -explicit-module-build -module-cache-path /Users/kochj/Library/Developer/Xcode/DerivedData/NMAPScanner-ffegycchbmjksyfozugmrrwzdhts/Build/Intermediates.noindex/SwiftExplicitPrecompiledModules -clang-scanner-module-cache-path /Users/kochj/Library/Developer/Xcode/DerivedData/ModuleCache.noindex -sdk-module-cache-path /Users/kochj/Library/Developer/Xcode/DerivedData/ModuleCache.noindex -serialize-diagnostics -emit-dependencies -emit-module -emit-module-path /Users/kochj/Library/Developer/Xcode/DerivedData/NMAPScanner-ffegycchbmjksyfozugmrrwzdhts/Build/Intermediates.noindex/NMAPScanner.build/Debug-appletvsimulator/NMAPScanner.build/Objects-normal/arm64/NMAPScanner.swiftmodule -validate-clang-modules-once -clang-build-session-file /Users/kochj/Library/Developer/Xcode/DerivedData/ModuleCache.noindex/Session.modulevalidation -Xcc -I/Users/kochj/Library/Developer/Xcode/DerivedData/NMAPScanner-ffegycchbmjksyfozugmrrwzdhts/Build/Intermediates.noindex/NMAPScanner.build/Debug-appletvsimulator/NMAPScanner.build/swift-overrides.hmap -emit-const-values -Xfrontend -const-gather-protocols-file -Xfrontend /Users/kochj/Library/Developer/Xcode/DerivedData/NMAPScanner-ffegycchbmjksyfozugmrrwzdhts/Build/Intermediates.noindex/NMAPScanner.build/Debug-appletvsimulator/NMAPScanner.build/Objects-normal/arm64/NMAPScanner_const_extract_protocols.json -Xcc -iquote -Xcc /Users/kochj/Library/Developer/Xcode/DerivedData/NMAPScanner-ffegycchbmjksyfozugmrrwzdhts/Build/Intermediates.noindex/NMAPScanner.build/Debug-appletvsimulator/NMAPScanner.build/NMAPScanner-generated-files.hmap -Xcc -I/Users/kochj/Library/Developer/Xcode/DerivedData/NMAPScanner-ffegycchbmjksyfozugmrrwzdhts/Build/Intermediates.noindex/NMAPScanner.build/Debug-appletvsimulator/NMAPScanner.build/NMAPScanner-own-target-headers.hmap -Xcc -I/Users/kochj/Library/Developer/Xcode/DerivedData/NMAPScanner-ffegycchbmjksyfozugmrrwzdhts/Build/Intermediates.noindex/NMAPScanner.build/Debug-appletvsimulator/NMAPScanner.build/NMAPScanner-all-target-headers.hmap -Xcc -iquote -Xcc /Users/kochj/Library/Developer/Xcode/DerivedData/NMAPScanner-ffegycchbmjksyfozugmrrwzdhts/Build/Intermediates.noindex/NMAPScanner.build/Debug-appletvsimulator/NMAPScanner.build/NMAPScanner-project-headers.hmap -Xcc -I/Users/kochj/Library/Developer/Xcode/DerivedData/NMAPScanner-ffegycchbmjksyfozugmrrwzdhts/Build/Products/Debug-appletvsimulator/include -Xcc -I/Users/kochj/Library/Developer/Xcode/DerivedData/NMAPScanner-ffegycchbmjksyfozugmrrwzdhts/Build/Intermediates.noindex/NMAPScanner.build/Debug-appletvsimulator/NMAPScanner.build/DerivedSources-normal/arm64 -Xcc -I/Users/kochj/Library/Developer/Xcode/DerivedData/NMAPScanner-ffegycchbmjksyfozugmrrwzdhts/Build/Intermediates.noindex/NMAPScanner.build/Debug-appletvsimulator/NMAPScanner.build/DerivedSources/arm64 -Xcc -I/Users/kochj/Library/Developer/Xcode/DerivedData/NMAPScanner-ffegycchbmjksyfozugmrrwzdhts/Build/Intermediates.noindex/NMAPScanner.build/Debug-appletvsimulator/NMAPScanner.build/DerivedSources -Xcc -DDEBUG\=1 -emit-objc-header -emit-objc-header-path /Users/kochj/Library/Developer/Xcode/DerivedData/NMAPScanner-ffegycchbmjksyfozugmrrwzdhts/Build/Intermediates.noindex/NMAPScanner.build/Debug-appletvsimulator/NMAPScanner.build/Objects-normal/arm64/NMAPScanner-Swift.h -working-directory /Volumes/Data/xcode/NMAPScanner -experimental-emit-module-separately -disable-cmo

SwiftEmitModule normal arm64 Emitting\ module\ for\ NMAPScanner (in target 'NMAPScanner' from project 'NMAPScanner')

EmitSwiftModule normal arm64 (in target 'NMAPScanner' from project 'NMAPScanner')
    cd /Volumes/Data/xcode/NMAPScanner
    
/Volumes/Data/xcode/NMAPScanner/NMAPScanner/IntegratedDashboardViewV3.swift:15:52: error: cannot find 'NotificationManager' in scope
    @StateObject private var notificationManager = NotificationManager.shared
                                                   ^~~~~~~~~~~~~~~~~~~
/Volumes/Data/xcode/NMAPScanner/NMAPScanner/IntegratedDashboardViewV3.swift:16:52: error: cannot find 'SearchFilterManager' in scope
    @StateObject private var searchFilterManager = SearchFilterManager.shared
                                                   ^~~~~~~~~~~~~~~~~~~
/Volumes/Data/xcode/NMAPScanner/NMAPScanner/IntegratedDashboardViewV3.swift:328:30: error: cannot find 'ARPScanner' in scope
    private let arpScanner = ARPScanner()
                             ^~~~~~~~~~
/Volumes/Data/xcode/NMAPScanner/NMAPScanner/IntegratedDashboardViewV3.swift:330:37: error: cannot find 'HistoricalTracker' in scope
    private let historicalTracker = HistoricalTracker.shared
                                    ^~~~~~~~~~~~~~~~~

Failed frontend command:
/Applications/Xcode.app/Contents/Developer/Toolchains/XcodeDefault.xctoolchain/usr/bin/swift-frontend -frontend -emit-module -experimental-skip-non-inlinable-function-bodies-without-types /Volumes/Data/xcode/NMAPScanner/NMAPScanner/NMAPApp.swift /Volumes/Data/xcode/NMAPScanner/NMAPScanner/ContentView.swift /Volumes/Data/xcode/NMAPScanner/NMAPScanner/NetworkTrafficManager.swift /Volumes/Data/xcode/NMAPScanner/NMAPScanner/PacketCaptureManager.swift /Volumes/Data/xcode/NMAPScanner/NMAPScanner/VulnerabilityScanner.swift /Volumes/Data/xcode/NMAPScanner/NMAPScanner/SecurityAuditManager.swift /Volumes/Data/xcode/NMAPScanner/NMAPScanner/MonitoringViews.swift /Volumes/Data/xcode/NMAPScanner/NMAPScanner/SecurityViews.swift /Volumes/Data/xcode/NMAPScanner/NMAPScanner/DashboardView.swift /Volumes/Data/xcode/NMAPScanner/NMAPScanner/DeviceDetailView.swift /Volumes/Data/xcode/NMAPScanner/NMAPScanner/NetworkTopologyView.swift /Volumes/Data/xcode/NMAPScanner/NMAPScanner/ScanSettingsView.swift /Volumes/Data/xcode/NMAPScanner/NMAPScanner/ThreatModel.swift /Volumes/Data/xcode/NMAPScanner/NMAPScanner/ThreatViews.swift /Volumes/Data/xcode/NMAPScanner/NMAPScanner/IntegratedDashboardView.swift /Volumes/Data/xcode/NMAPScanner/NMAPScanner/DevicePersistence.swift /Volumes/Data/xcode/NMAPScanner/NMAPScanner/SettingsView.swift /Volumes/Data/xcode/NMAPScanner/NMAPScanner/DeviceWhitelistView.swift /Volumes/Data/xcode/NMAPScanner/NMAPScanner/NetworkHistoryView.swift /Volumes/Data/xcode/NMAPScanner/NMAPScanner/PingScanner.swift /Volumes/Data/xcode/NMAPScanner/NMAPScanner/IntegratedDashboardViewV3.swift /Users/kochj/Library/Developer/Xcode/DerivedData/NMAPScanner-ffegycchbmjksyfozugmrrwzdhts/Build/Intermediates.noindex/NMAPScanner.build/Debug-appletvsimulator/NMAPScanner.build/DerivedSources/GeneratedAssetSymbols.swift -target arm64-apple-tvos16.0-simulator -module-can-import-version DeveloperToolsSupport 23.0.4 23.0.4 -module-can-import-version SwiftUI 7.1.13.1 7.1.13 -module-can-import-version UIKit 9126.1.12.1 9126.1.12 -load-resolved-plugin /Applications/Xcode.app/Contents/Developer/Platforms/AppleTVOS.platform/Developer/usr/lib/swift/host/plugins/libFoundationMacros.dylib\#/Applications/Xcode.app/Contents/Developer/Platforms/AppleTVOS.platform/Developer/usr/bin/swift-plugin-server\#FoundationMacros -load-resolved-plugin /Applications/Xcode.app/Contents/Developer/Platforms/AppleTVOS.platform/Developer/usr/lib/swift/host/plugins/libObservationMacros.dylib\#/Applications/Xcode.app/Contents/Developer/Platforms/AppleTVOS.platform/Developer/usr/bin/swift-plugin-server\#ObservationMacros -load-resolved-plugin /Applications/Xcode.app/Contents/Developer/Platforms/AppleTVOS.platform/Developer/usr/lib/swift/host/plugins/libPreviewsMacros.dylib\#/Applications/Xcode.app/Contents/Developer/Platforms/AppleTVOS.platform/Developer/usr/bin/swift-plugin-server\#PreviewsMacros -load-resolved-plugin /Applications/Xcode.app/Contents/Developer/Platforms/AppleTVOS.platform/Developer/usr/lib/swift/host/plugins/libSwiftMacros.dylib\#/Applications/Xcode.app/Contents/Developer/Platforms/AppleTVOS.platform/Developer/usr/bin/swift-plugin-server\#SwiftMacros -load-resolved-plugin /Applications/Xcode.app/Contents/Developer/Platforms/AppleTVOS.platform/Developer/usr/lib/swift/host/plugins/libSwiftUIMacros.dylib\#/Applications/Xcode.app/Contents/Developer/Platforms/AppleTVOS.platform/Developer/usr/bin/swift-plugin-server\#SwiftUIMacros -disable-implicit-swift-modules -Xcc -fno-implicit-modules -Xcc -fno-implicit-module-maps -explicit-swift-module-map-file /Users/kochj/Library/Developer/Xcode/DerivedData/NMAPScanner-ffegycchbmjksyfozugmrrwzdhts/Build/Intermediates.noindex/NMAPScanner.build/Debug-appletvsimulator/NMAPScanner.build/Objects-normal/arm64/NMAPScanner-dependencies-1.json -Xllvm -aarch64-use-tbi -enable-objc-interop -sdk /Applications/Xcode.app/Contents/Developer/Platforms/AppleTVSimulator.platform/Developer/SDKs/AppleTVSimulator26.1.sdk -I /Users/kochj/Library/Developer/Xcode/DerivedData/NMAPScanner-ffegycchbmjksyfozugmrrwzdhts/Build/Products/Debug-appletvsimulator -F /Users/kochj/Library/Developer/Xcode/DerivedData/NMAPScanner-ffegycchbmjksyfozugmrrwzdhts/Build/Products/Debug-appletvsimulator -no-color-diagnostics -Xcc -fno-color-diagnostics -enable-testing -g -debug-info-format\=dwarf -dwarf-version\=4 -module-cache-path /Users/kochj/Library/Developer/Xcode/DerivedData/NMAPScanner-ffegycchbmjksyfozugmrrwzdhts/Build/Intermediates.noindex/SwiftExplicitPrecompiledModules -swift-version 5 -enforce-exclusivity\=checked -Onone -D DEBUG -serialize-debugging-options -const-gather-protocols-file /Users/kochj/Library/Developer/Xcode/DerivedData/NMAPScanner-ffegycchbmjksyfozugmrrwzdhts/Build/Intermediates.noindex/NMAPScanner.build/Debug-appletvsimulator/NMAPScanner.build/Objects-normal/arm64/NMAPScanner_const_extract_protocols.json -enable-experimental-feature DebugDescriptionMacro -enable-bare-slash-regex -empty-abi-descriptor -validate-clang-modules-once -clang-build-session-file /Users/kochj/Library/Developer/Xcode/DerivedData/ModuleCache.noindex/Session.modulevalidation -Xcc -working-directory -Xcc /Volumes/Data/xcode/NMAPScanner -enable-anonymous-context-mangled-names -file-compilation-dir /Volumes/Data/xcode/NMAPScanner -Xcc -D_LIBCPP_HARDENING_MODE\=_LIBCPP_HARDENING_MODE_DEBUG -Xcc -ivfsstatcache -Xcc /Users/kochj/Library/Developer/Xcode/DerivedData/SDKStatCaches.noindex/appletvsimulator26.1-23J576-e98bea4a630767aaf7e0488225fccbf6.sdkstatcache -Xcc -I/Users/kochj/Library/Developer/Xcode/DerivedData/NMAPScanner-ffegycchbmjksyfozugmrrwzdhts/Build/Intermediates.noindex/NMAPScanner.build/Debug-appletvsimulator/NMAPScanner.build/swift-overrides.hmap -Xcc -iquote -Xcc /Users/kochj/Library/Developer/Xcode/DerivedData/NMAPScanner-ffegycchbmjksyfozugmrrwzdhts/Build/Intermediates.noindex/NMAPScanner.build/Debug-appletvsimulator/NMAPScanner.build/NMAPScanner-generated-files.hmap -Xcc -I/Users/kochj/Library/Developer/Xcode/DerivedData/NMAPScanner-ffegycchbmjksyfozugmrrwzdhts/Build/Intermediates.noindex/NMAPScanner.build/Debug-appletvsimulator/NMAPScanner.build/NMAPScanner-own-target-headers.hmap -Xcc -I/Users/kochj/Library/Developer/Xcode/DerivedData/NMAPScanner-ffegycchbmjksyfozugmrrwzdhts/Build/Intermediates.noindex/NMAPScanner.build/Debug-appletvsimulator/NMAPScanner.build/NMAPScanner-all-target-headers.hmap -Xcc -iquote -Xcc /Users/kochj/Library/Developer/Xcode/DerivedData/NMAPScanner-ffegycchbmjksyfozugmrrwzdhts/Build/Intermediates.noindex/NMAPScanner.build/Debug-appletvsimulator/NMAPScanner.build/NMAPScanner-project-headers.hmap -Xcc -I/Users/kochj/Library/Developer/Xcode/DerivedData/NMAPScanner-ffegycchbmjksyfozugmrrwzdhts/Build/Products/Debug-appletvsimulator/include -Xcc -I/Users/kochj/Library/Developer/Xcode/DerivedData/NMAPScanner-ffegycchbmjksyfozugmrrwzdhts/Build/Intermediates.noindex/NMAPScanner.build/Debug-appletvsimulator/NMAPScanner.build/DerivedSources-normal/arm64 -Xcc -I/Users/kochj/Library/Developer/Xcode/DerivedData/NMAPScanner-ffegycchbmjksyfozugmrrwzdhts/Build/Intermediates.noindex/NMAPScanner.build/Debug-appletvsimulator/NMAPScanner.build/DerivedSources/arm64 -Xcc -I/Users/kochj/Library/Developer/Xcode/DerivedData/NMAPScanner-ffegycchbmjksyfozugmrrwzdhts/Build/Intermediates.noindex/NMAPScanner.build/Debug-appletvsimulator/NMAPScanner.build/DerivedSources -Xcc -DDEBUG\=1 -no-auto-bridging-header-chaining -module-name NMAPScanner -frontend-parseable-output -disable-clang-spi -target-sdk-version 26.1 -target-sdk-name appletvsimulator26.1 -clang-target arm64-apple-tvos26.1-simulator -in-process-plugin-server-path /Applications/Xcode.app/Contents/Developer/Toolchains/XcodeDefault.xctoolchain/usr/lib/swift/host/libSwiftInProcPluginServer.dylib -emit-module-doc-path /Users/kochj/Library/Developer/Xcode/DerivedData/NMAPScanner-ffegycchbmjksyfozugmrrwzdhts/Build/Intermediates.noindex/NMAPScanner.build/Debug-appletvsimulator/NMAPScanner.build/Objects-normal/arm64/NMAPScanner.swiftdoc -emit-module-source-info-path /Users/kochj/Library/Developer/Xcode/DerivedData/NMAPScanner-ffegycchbmjksyfozugmrrwzdhts/Build/Intermediates.noindex/NMAPScanner.build/Debug-appletvsimulator/NMAPScanner.build/Objects-normal/arm64/NMAPScanner.swiftsourceinfo -emit-objc-header-path /Users/kochj/Library/Developer/Xcode/DerivedData/NMAPScanner-ffegycchbmjksyfozugmrrwzdhts/Build/Intermediates.noindex/NMAPScanner.build/Debug-appletvsimulator/NMAPScanner.build/Objects-normal/arm64/NMAPScanner-Swift.h -serialize-diagnostics-path /Users/kochj/Library/Developer/Xcode/DerivedData/NMAPScanner-ffegycchbmjksyfozugmrrwzdhts/Build/Intermediates.noindex/NMAPScanner.build/Debug-appletvsimulator/NMAPScanner.build/Objects-normal/arm64/NMAPScanner-primary-emit-module.dia -emit-dependencies-path /Users/kochj/Library/Developer/Xcode/DerivedData/NMAPScanner-ffegycchbmjksyfozugmrrwzdhts/Build/Intermediates.noindex/NMAPScanner.build/Debug-appletvsimulator/NMAPScanner.build/Objects-normal/arm64/NMAPScanner-primary-emit-module.d -o /Users/kochj/Library/Developer/Xcode/DerivedData/NMAPScanner-ffegycchbmjksyfozugmrrwzdhts/Build/Intermediates.noindex/NMAPScanner.build/Debug-appletvsimulator/NMAPScanner.build/Objects-normal/arm64/NMAPScanner.swiftmodule -emit-abi-descriptor-path /Users/kochj/Library/Developer/Xcode/DerivedData/NMAPScanner-ffegycchbmjksyfozugmrrwzdhts/Build/Intermediates.noindex/NMAPScanner.build/Debug-appletvsimulator/NMAPScanner.build/Objects-normal/arm64/NMAPScanner.abi.json
SwiftCompile normal arm64 Compiling\ IntegratedDashboardViewV3.swift /Volumes/Data/xcode/NMAPScanner/NMAPScanner/IntegratedDashboardViewV3.swift (in target 'NMAPScanner' from project 'NMAPScanner')
SwiftCompile normal arm64 /Volumes/Data/xcode/NMAPScanner/NMAPScanner/IntegratedDashboardViewV3.swift (in target 'NMAPScanner' from project 'NMAPScanner')
    cd /Volumes/Data/xcode/NMAPScanner
    

SwiftCompile normal arm64 Compiling\ ThreatViews.swift /Volumes/Data/xcode/NMAPScanner/NMAPScanner/ThreatViews.swift (in target 'NMAPScanner' from project 'NMAPScanner')

SwiftCompile normal arm64 /Volumes/Data/xcode/NMAPScanner/NMAPScanner/ThreatViews.swift (in target 'NMAPScanner' from project 'NMAPScanner')
    cd /Volumes/Data/xcode/NMAPScanner
    

SwiftCompile normal arm64 Compiling\ SettingsView.swift /Volumes/Data/xcode/NMAPScanner/NMAPScanner/SettingsView.swift (in target 'NMAPScanner' from project 'NMAPScanner')

SwiftCompile normal arm64 /Volumes/Data/xcode/NMAPScanner/NMAPScanner/SettingsView.swift (in target 'NMAPScanner' from project 'NMAPScanner')
    cd /Volumes/Data/xcode/NMAPScanner
    

** BUILD FAILED **


The following build commands failed:
	EmitSwiftModule normal arm64 (in target 'NMAPScanner' from project 'NMAPScanner')
	SwiftEmitModule normal arm64 Emitting\ module\ for\ NMAPScanner (in target 'NMAPScanner' from project 'NMAPScanner')
	Building project NMAPScanner with scheme NMAPScanner
(3 failures)
